mode: set
github.com/LFDT-Paladin/paladin/core/internal/sequencer/statemachine/guards.go:21.42,22.51 1 1
github.com/LFDT-Paladin/paladin/core/internal/sequencer/statemachine/guards.go:22.51,24.3 1 1
github.com/LFDT-Paladin/paladin/core/internal/sequencer/statemachine/guards.go:29.46,30.51 1 1
github.com/LFDT-Paladin/paladin/core/internal/sequencer/statemachine/guards.go:30.51,31.32 1 1
github.com/LFDT-Paladin/paladin/core/internal/sequencer/statemachine/guards.go:31.32,32.28 1 1
github.com/LFDT-Paladin/paladin/core/internal/sequencer/statemachine/guards.go:32.28,34.5 1 1
github.com/LFDT-Paladin/paladin/core/internal/sequencer/statemachine/guards.go:36.3,36.14 1 1
github.com/LFDT-Paladin/paladin/core/internal/sequencer/statemachine/guards.go:42.45,43.51 1 1
github.com/LFDT-Paladin/paladin/core/internal/sequencer/statemachine/guards.go:43.51,44.32 1 1
github.com/LFDT-Paladin/paladin/core/internal/sequencer/statemachine/guards.go:44.32,45.27 1 1
github.com/LFDT-Paladin/paladin/core/internal/sequencer/statemachine/guards.go:45.27,47.5 1 1
github.com/LFDT-Paladin/paladin/core/internal/sequencer/statemachine/guards.go:49.3,49.15 1 1
github.com/LFDT-Paladin/paladin/core/internal/sequencer/statemachine/statemachine.go:32.107,40.2 1 1
github.com/LFDT-Paladin/paladin/core/internal/sequencer/statemachine/statemachine.go:43.51,45.2 1 1
github.com/LFDT-Paladin/paladin/core/internal/sequencer/statemachine/statemachine.go:48.62,50.2 1 1
github.com/LFDT-Paladin/paladin/core/internal/sequencer/statemachine/statemachine.go:53.55,55.2 1 1
github.com/LFDT-Paladin/paladin/core/internal/sequencer/statemachine/statemachine.go:59.49,62.2 2 1
github.com/LFDT-Paladin/paladin/core/internal/sequencer/statemachine/statemachine.go:77.9,80.39 2 1
github.com/LFDT-Paladin/paladin/core/internal/sequencer/statemachine/statemachine.go:80.39,82.3 1 1
github.com/LFDT-Paladin/paladin/core/internal/sequencer/statemachine/statemachine.go:86.2,86.23 1 1
github.com/LFDT-Paladin/paladin/core/internal/sequencer/statemachine/statemachine.go:86.23,87.57 1 1
github.com/LFDT-Paladin/paladin/core/internal/sequencer/statemachine/statemachine.go:87.57,90.4 2 1
github.com/LFDT-Paladin/paladin/core/internal/sequencer/statemachine/statemachine.go:94.2,94.71 1 1
github.com/LFDT-Paladin/paladin/core/internal/sequencer/statemachine/statemachine.go:94.71,96.3 1 1
github.com/LFDT-Paladin/paladin/core/internal/sequencer/statemachine/statemachine.go:99.2,99.83 1 1
github.com/LFDT-Paladin/paladin/core/internal/sequencer/statemachine/statemachine.go:99.83,101.3 1 1
github.com/LFDT-Paladin/paladin/core/internal/sequencer/statemachine/statemachine.go:103.2,103.12 1 1
github.com/LFDT-Paladin/paladin/core/internal/sequencer/statemachine/statemachine.go:108.126,113.13 3 1
github.com/LFDT-Paladin/paladin/core/internal/sequencer/statemachine/statemachine.go:113.13,116.3 2 1
github.com/LFDT-Paladin/paladin/core/internal/sequencer/statemachine/statemachine.go:119.2,120.23 2 1
github.com/LFDT-Paladin/paladin/core/internal/sequencer/statemachine/statemachine.go:120.23,123.3 2 1
github.com/LFDT-Paladin/paladin/core/internal/sequencer/statemachine/statemachine.go:126.2,126.35 1 1
github.com/LFDT-Paladin/paladin/core/internal/sequencer/statemachine/statemachine.go:126.35,128.17 2 1
github.com/LFDT-Paladin/paladin/core/internal/sequencer/statemachine/statemachine.go:128.17,131.4 2 1
github.com/LFDT-Paladin/paladin/core/internal/sequencer/statemachine/statemachine.go:132.3,132.13 1 1
github.com/LFDT-Paladin/paladin/core/internal/sequencer/statemachine/statemachine.go:132.13,135.4 2 1
github.com/LFDT-Paladin/paladin/core/internal/sequencer/statemachine/statemachine.go:138.2,138.27 1 1
github.com/LFDT-Paladin/paladin/core/internal/sequencer/statemachine/statemachine.go:142.117,143.44 1 1
github.com/LFDT-Paladin/paladin/core/internal/sequencer/statemachine/statemachine.go:143.44,145.47 1 1
github.com/LFDT-Paladin/paladin/core/internal/sequencer/statemachine/statemachine.go:145.47,146.12 1 1
github.com/LFDT-Paladin/paladin/core/internal/sequencer/statemachine/statemachine.go:150.3,150.51 1 1
github.com/LFDT-Paladin/paladin/core/internal/sequencer/statemachine/statemachine.go:150.51,153.4 2 1
github.com/LFDT-Paladin/paladin/core/internal/sequencer/statemachine/statemachine.go:155.2,155.12 1 1
github.com/LFDT-Paladin/paladin/core/internal/sequencer/statemachine/statemachine.go:164.9,165.54 1 1
github.com/LFDT-Paladin/paladin/core/internal/sequencer/statemachine/statemachine.go:165.54,167.59 1 1
github.com/LFDT-Paladin/paladin/core/internal/sequencer/statemachine/statemachine.go:167.59,168.12 1 1
github.com/LFDT-Paladin/paladin/core/internal/sequencer/statemachine/statemachine.go:172.3,179.27 4 1
github.com/LFDT-Paladin/paladin/core/internal/sequencer/statemachine/statemachine.go:179.27,180.54 1 1
github.com/LFDT-Paladin/paladin/core/internal/sequencer/statemachine/statemachine.go:180.54,183.5 2 1
github.com/LFDT-Paladin/paladin/core/internal/sequencer/statemachine/statemachine.go:187.3,192.76 4 1
github.com/LFDT-Paladin/paladin/core/internal/sequencer/statemachine/statemachine.go:192.76,193.48 1 1
github.com/LFDT-Paladin/paladin/core/internal/sequencer/statemachine/statemachine.go:193.48,194.75 1 1
github.com/LFDT-Paladin/paladin/core/internal/sequencer/statemachine/statemachine.go:194.75,197.6 2 1
github.com/LFDT-Paladin/paladin/core/internal/sequencer/statemachine/statemachine.go:202.3,202.36 1 1
github.com/LFDT-Paladin/paladin/core/internal/sequencer/statemachine/statemachine.go:202.36,204.4 1 1
github.com/LFDT-Paladin/paladin/core/internal/sequencer/statemachine/statemachine.go:207.3,207.8 1 1
github.com/LFDT-Paladin/paladin/core/internal/sequencer/statemachine/statemachine.go:210.2,210.12 1 1
github.com/LFDT-Paladin/paladin/core/internal/sequencer/statemachine/statemachine.go:214.68,216.2 1 1
github.com/LFDT-Paladin/paladin/core/internal/sequencer/statemachine/statemachine.go:219.55,221.2 1 1
github.com/LFDT-Paladin/paladin/core/internal/sequencer/statemachine/statemachine.go:224.62,225.31 1 1
github.com/LFDT-Paladin/paladin/core/internal/sequencer/statemachine/statemachine.go:225.31,226.37 1 1
github.com/LFDT-Paladin/paladin/core/internal/sequencer/statemachine/statemachine.go:226.37,228.4 1 1
github.com/LFDT-Paladin/paladin/core/internal/sequencer/statemachine/statemachine.go:230.2,230.14 1 1
